mobile/app/build/intermediates/manifest_merge_blame_file/debug/processDebugMainManifest/manifest-merger-blame-debug-report.txt
1<?xml version="1.0" encoding="utf-8"?>
2<manifest xmlns:android="http://schemas.android.com/apk/res/android"
3    package="com.unigear.tracker.mobile"
4    android:versionCode="1"
5    android:versionName="1.0" >
6
7    <uses-sdk
8        android:minSdkVersion="24"
9        android:targetSdkVersion="35" />
10
11    <uses-permission android:name="android.permission.INTERNET" />
11-->src\main\AndroidManifest.xml:6:5-67
11-->src\main\AndroidManifest.xml:6:22-64
12    <uses-permission android:name="android.permission.CAMERA" />
12-->src\main\AndroidManifest.xml:7:5-65
12-->src\main\AndroidManifest.xml:7:22-62
13    <!-- Declare camera as optional hardware so lint stops warning when camera permission is present but device may not have camera hardware -->
14    <uses-feature
14-->src\main\AndroidManifest.xml:9:5-85
15        android:name="android.hardware.camera"
15-->src\main\AndroidManifest.xml:9:19-57
16        android:required="false" />
16-->src\main\AndroidManifest.xml:9:58-82
17
18    <uses-permission android:name="android.permission.READ_EXTERNAL_STORAGE" />
18-->src\main\AndroidManifest.xml:10:5-80
18-->src\main\AndroidManifest.xml:10:22-77
19    <uses-permission android:name="android.permission.WRITE_EXTERNAL_STORAGE" />
19-->src\main\AndroidManifest.xml:11:5-81
19-->src\main\AndroidManifest.xml:11:22-78
20
21    <permission
21-->[androidx.core:core:1.13.1] AndroidManifest.xml:22:5-24:47
22        android:name="com.unigear.tracker.mobile.DYNAMIC_RECEIVER_NOT_EXPORTED_PERMISSION"
22-->[androidx.core:core:1.13.1] AndroidManifest.xml:23:9-81
23        android:protectionLevel="signature" />
23-->[androidx.core:core:1.13.1] AndroidManifest.xml:24:9-44
24
25    <uses-permission android:name="com.unigear.tracker.mobile.DYNAMIC_RECEIVER_NOT_EXPORTED_PERMISSION" />
25-->[androidx.core:core:1.13.1] AndroidManifest.xml:26:5-97
25-->[androidx.core:core:1.13.1] AndroidManifest.xml:26:22-94
26
27    <application
27-->src\main\AndroidManifest.xml:13:5-59:19
28        android:appComponentFactory="androidx.core.app.CoreComponentFactory"
28-->[androidx.core:core:1.13.1] AndroidManifest.xml:28:18-86
29        android:debuggable="true"
30        android:extractNativeLibs="false"
31        android:icon="@mipmap/ic_launcher"
31-->src\main\AndroidManifest.xml:14:9-43
32        android:label="@string/app_name"
32-->src\main\AndroidManifest.xml:15:9-41
33        android:roundIcon="@mipmap/ic_launcher_round"
33-->src\main\AndroidManifest.xml:17:9-54
34        android:theme="@style/Theme.UniGearMobile"
34-->src\main\AndroidManifest.xml:18:9-51
35        android:usesCleartextTraffic="true" >
35-->src\main\AndroidManifest.xml:16:9-44
36        <activity android:name="com.unigear.tracker.mobile.LoginActivity" />
36-->src\main\AndroidManifest.xml:20:9-77
36-->src\main\AndroidManifest.xml:20:19-74
37        <activity android:name="com.unigear.tracker.mobile.RegisterActivity" />
37-->src\main\AndroidManifest.xml:22:9-80
37-->src\main\AndroidManifest.xml:22:19-77
38        <activity android:name="com.unigear.tracker.mobile.HomeActivity" />
38-->src\main\AndroidManifest.xml:24:9-76
38-->src\main\AndroidManifest.xml:24:19-73
39        <activity android:name="com.unigear.tracker.mobile.MyRequestsActivity" />
39-->src\main\AndroidManifest.xml:26:9-82
39-->src\main\AndroidManifest.xml:26:19-79
40        <activity android:name="com.unigear.tracker.mobile.EquipmentDetailActivity" />
40-->src\main\AndroidManifest.xml:28:9-87
40-->src\main\AndroidManifest.xml:28:19-84
41        <activity android:name="com.unigear.tracker.mobile.ProfileActivity" />
41-->src\main\AndroidManifest.xml:30:9-79
41-->src\main\AndroidManifest.xml:30:19-76
42        <activity android:name="com.unigear.tracker.mobile.AdminDashboardActivity" />
42-->src\main\AndroidManifest.xml:32:9-86
42-->src\main\AndroidManifest.xml:32:19-83
43        <activity android:name="com.unigear.tracker.mobile.AdminEquipmentActivity" />
43-->src\main\AndroidManifest.xml:33:9-86
43-->src\main\AndroidManifest.xml:33:19-83
44        <activity
44-->src\main\AndroidManifest.xml:35:9-49:20
45            android:name="com.unigear.tracker.mobile.OAuth2CallbackActivity"
45-->src\main\AndroidManifest.xml:36:13-77
46            android:exported="true" >
46-->src\main\AndroidManifest.xml:37:13-36
47            <intent-filter>
47-->src\main\AndroidManifest.xml:38:13-48:29
48                <action android:name="android.intent.action.VIEW" />
48-->src\main\AndroidManifest.xml:39:17-69
48-->src\main\AndroidManifest.xml:39:25-66
49
50                <category android:name="android.intent.category.DEFAULT" />
50-->src\main\AndroidManifest.xml:41:17-76
50-->src\main\AndroidManifest.xml:41:27-73
51                <category android:name="android.intent.category.BROWSABLE" />
51-->src\main\AndroidManifest.xml:42:17-78
51-->src\main\AndroidManifest.xml:42:27-75
52
53                <data
53-->src\main\AndroidManifest.xml:44:17-47:48
54                    android:host="auth"
54-->src\main\AndroidManifest.xml:45:21-40
55                    android:pathPrefix="/oauth2/callback"
55-->src\main\AndroidManifest.xml:46:21-58
56                    android:scheme="unigear" />
56-->src\main\AndroidManifest.xml:47:21-45
57            </intent-filter>
58        </activity>
59        <activity
59-->src\main\AndroidManifest.xml:51:9-58:20
60            android:name="com.unigear.tracker.mobile.SplashActivity"
60-->src\main\AndroidManifest.xml:52:13-69
61            android:exported="true" >
61-->src\main\AndroidManifest.xml:53:13-36
62            <intent-filter>
62-->src\main\AndroidManifest.xml:54:13-57:29
63                <action android:name="android.intent.action.MAIN" />
63-->src\main\AndroidManifest.xml:55:17-69
63-->src\main\AndroidManifest.xml:55:25-66
64
65                <category android:name="android.intent.category.LAUNCHER" />
65-->src\main\AndroidManifest.xml:56:17-77
65-->src\main\AndroidManifest.xml:56:27-74
66            </intent-filter>
67        </activity>
68
69        <provider
69-->[androidx.emoji2:emoji2:1.3.0] AndroidManifest.xml:24:9-32:20
70            android:name="androidx.startup.InitializationProvider"
70-->[androidx.emoji2:emoji2:1.3.0] AndroidManifest.xml:25:13-67
71            android:authorities="com.unigear.tracker.mobile.androidx-startup"
71-->[androidx.emoji2:emoji2:1.3.0] AndroidManifest.xml:26:13-68
72            android:exported="false" >
72-->[androidx.emoji2:emoji2:1.3.0] AndroidManifest.xml:27:13-37
73            <meta-data
73-->[androidx.emoji2:emoji2:1.3.0] AndroidManifest.xml:29:13-31:52
74                android:name="androidx.emoji2.text.EmojiCompatInitializer"
74-->[androidx.emoji2:emoji2:1.3.0] AndroidManifest.xml:30:17-75
75                android:value="androidx.startup" />
75-->[androidx.emoji2:emoji2:1.3.0] AndroidManifest.xml:31:17-49
76            <meta-data
76-->[androidx.lifecycle:lifecycle-process:2.6.2] AndroidManifest.xml:29:13-31:52
77                android:name="androidx.lifecycle.ProcessLifecycleInitializer"
77-->[androidx.lifecycle:lifecycle-process:2.6.2] AndroidManifest.xml:30:17-78
78                android:value="androidx.startup" />
78-->[androidx.lifecycle:lifecycle-process:2.6.2] AndroidManifest.xml:31:17-49
79            <meta-data
79-->[androidx.profileinstaller:profileinstaller:1.3.1] AndroidManifest.xml:29:13-31:52
80                android:name="androidx.profileinstaller.ProfileInstallerInitializer"
80-->[androidx.profileinstaller:profileinstaller:1.3.1] AndroidManifest.xml:30:17-85
81                android:value="androidx.startup" />
81-->[androidx.profileinstaller:profileinstaller:1.3.1] AndroidManifest.xml:31:17-49
82        </provider>
83
84        <receiver
84-->[androidx.profileinstaller:profileinstaller:1.3.1] AndroidManifest.xml:34:9-52:20
85            android:name="androidx.profileinstaller.ProfileInstallReceiver"
85-->[androidx.profileinstaller:profileinstaller:1.3.1] AndroidManifest.xml:35:13-76
86            android:directBootAware="false"
86-->[androidx.profileinstaller:profileinstaller:1.3.1] AndroidManifest.xml:36:13-44
87            android:enabled="true"
87-->[androidx.profileinstaller:profileinstaller:1.3.1] AndroidManifest.xml:37:13-35
88            android:exported="true"
88-->[androidx.profileinstaller:profileinstaller:1.3.1] AndroidManifest.xml:38:13-36
89            android:permission="android.permission.DUMP" >
89-->[androidx.profileinstaller:profileinstaller:1.3.1] AndroidManifest.xml:39:13-57
90            <intent-filter>
90-->[androidx.profileinstaller:profileinstaller:1.3.1] AndroidManifest.xml:40:13-42:29
91                <action android:name="androidx.profileinstaller.action.INSTALL_PROFILE" />
91-->[androidx.profileinstaller:profileinstaller:1.3.1] AndroidManifest.xml:41:17-91
91-->[androidx.profileinstaller:profileinstaller:1.3.1] AndroidManifest.xml:41:25-88
92            </intent-filter>
93            <intent-filter>
93-->[androidx.profileinstaller:profileinstaller:1.3.1] AndroidManifest.xml:43:13-45:29
94                <action android:name="androidx.profileinstaller.action.SKIP_FILE" />
94-->[androidx.profileinstaller:profileinstaller:1.3.1] AndroidManifest.xml:44:17-85
94-->[androidx.profileinstaller:profileinstaller:1.3.1] AndroidManifest.xml:44:25-82
95            </intent-filter>
96            <intent-filter>
96-->[androidx.profileinstaller:profileinstaller:1.3.1] AndroidManifest.xml:46:13-48:29
97                <action android:name="androidx.profileinstaller.action.SAVE_PROFILE" />
97-->[androidx.profileinstaller:profileinstaller:1.3.1] AndroidManifest.xml:47:17-88
97-->[androidx.profileinstaller:profileinstaller:1.3.1] AndroidManifest.xml:47:25-85
98            </intent-filter>
99            <intent-filter>
99-->[androidx.profileinstaller:profileinstaller:1.3.1] AndroidManifest.xml:49:13-51:29
100                <action android:name="androidx.profileinstaller.action.BENCHMARK_OPERATION" />
100-->[androidx.profileinstaller:profileinstaller:1.3.1] AndroidManifest.xml:50:17-95
100-->[androidx.profileinstaller:profileinstaller:1.3.1] AndroidManifest.xml:50:25-92
101            </intent-filter>
102        </receiver>
103    </application>
104
105</manifest>